<?xml version="1.0" encoding="UTF-8"?>
<!-- Generated by org.testng.reporters.JUnitReportReporter -->
<testsuite hostname="DESKTOP-7N5R1H4" failures="0" tests="3" name="runners.TestRunner" time="5.121" errors="0" timestamp="2021-03-03T16:09:53 IST" skipped="0">
  <testcase classname="runners.TestRunner" name="test" time="0.003"/>
  <system-out/>
  <testcase classname="runners.TestRunner" name="runScenario" time="0.505"/>
  <system-out/>
  <testcase classname="runners.TestRunner" name="runScenario" time="4.613"/>
  <system-out/>
</testsuite> <!-- runners.TestRunner -->
